I, [2017-10-23T14:46:04.773104 #25018]  INFO -- hammer: Executing command: "sync" on machine: "terezacihelkova"
I, [2017-10-23T14:46:04.773183 #25018]  INFO -- hammer: Global options set to: {"l"=>"INFO", "log"=>"INFO", "version"=>false, "help"=>false}.
I, [2017-10-23T14:46:04.773214 #25018]  INFO -- hammer: Command specific options set to: {"environment"=>"test", "e"=>"test", "folder"=>"/Users/terezacihelkova/git/hammer_pocs/hammer/", "f"=>"/Users/terezacihelkova/git/hammer_pocs/hammer/", "schedules"=>nil, "s"=>nil, "dry_run"=>false, "d"=>false}.
E, [2017-10-23T14:46:04.773634 #25018] ERROR -- hammer: [31m[1mInvalid Hammer configuration structure. Mandatory file "environments\test\project.hjson" is missing.[0m
E, [2017-10-23T14:46:04.773690 #25018] ERROR -- hammer: [31m[1mInvalid Hammer configuration structure. Mandatory file "global_secret_params.hjson" is missing.[0m
E, [2017-10-23T14:46:04.773734 #25018] ERROR -- hammer: [31m[1mInvalid Hammer configuration structure. None of global_orchestration.hjson and "environments\test\orchestration.hjson" found.[0m
E, [2017-10-23T14:46:04.773774 #25018] ERROR -- hammer: Hammer configuration folder structure is not valid. Fix the issues before re-trying.
E, [2017-10-23T14:46:04.773856 #25018] ERROR -- hammer: bin/hammer:126:in `block (2 levels) in <module:Wrapper>'
/Users/terezacihelkova/.rvm/gems/ruby-2.4.0/gems/gli-2.17.0/lib/gli/command_support.rb:131:in `execute'
/Users/terezacihelkova/.rvm/gems/ruby-2.4.0/gems/gli-2.17.0/lib/gli/app_support.rb:296:in `block in call_command'
/Users/terezacihelkova/.rvm/gems/ruby-2.4.0/gems/gli-2.17.0/lib/gli/app_support.rb:309:in `call_command'
/Users/terezacihelkova/.rvm/gems/ruby-2.4.0/gems/gli-2.17.0/lib/gli/app_support.rb:83:in `run'
bin/hammer:214:in `<module:Wrapper>'
bin/hammer:13:in `<top (required)>'
/Users/terezacihelkova/.rvm/gems/ruby-2.4.0/gems/bundler-1.14.5/lib/bundler/cli/exec.rb:74:in `load'
/Users/terezacihelkova/.rvm/gems/ruby-2.4.0/gems/bundler-1.14.5/lib/bundler/cli/exec.rb:74:in `kernel_load'
/Users/terezacihelkova/.rvm/gems/ruby-2.4.0/gems/bundler-1.14.5/lib/bundler/cli/exec.rb:27:in `run'
/Users/terezacihelkova/.rvm/gems/ruby-2.4.0/gems/bundler-1.14.5/lib/bundler/cli.rb:335:in `exec'
/Users/terezacihelkova/.rvm/gems/ruby-2.4.0/gems/bundler-1.14.5/lib/bundler/vendor/thor/lib/thor/command.rb:27:in `run'
/Users/terezacihelkova/.rvm/gems/ruby-2.4.0/gems/bundler-1.14.5/lib/bundler/vendor/thor/lib/thor/invocation.rb:126:in `invoke_command'
/Users/terezacihelkova/.rvm/gems/ruby-2.4.0/gems/bundler-1.14.5/lib/bundler/vendor/thor/lib/thor.rb:359:in `dispatch'
/Users/terezacihelkova/.rvm/gems/ruby-2.4.0/gems/bundler-1.14.5/lib/bundler/cli.rb:20:in `dispatch'
/Users/terezacihelkova/.rvm/gems/ruby-2.4.0/gems/bundler-1.14.5/lib/bundler/vendor/thor/lib/thor/base.rb:440:in `start'
/Users/terezacihelkova/.rvm/gems/ruby-2.4.0/gems/bundler-1.14.5/lib/bundler/cli.rb:11:in `start'
/Users/terezacihelkova/.rvm/gems/ruby-2.4.0/gems/bundler-1.14.5/exe/bundle:32:in `block in <top (required)>'
/Users/terezacihelkova/.rvm/gems/ruby-2.4.0/gems/bundler-1.14.5/lib/bundler/friendly_errors.rb:121:in `with_friendly_errors'
/Users/terezacihelkova/.rvm/gems/ruby-2.4.0/gems/bundler-1.14.5/exe/bundle:24:in `<top (required)>'
/Users/terezacihelkova/.rvm/gems/ruby-2.4.0/bin/bundle:22:in `load'
/Users/terezacihelkova/.rvm/gems/ruby-2.4.0/bin/bundle:22:in `<main>'
/Users/terezacihelkova/.rvm/gems/ruby-2.4.0/bin/ruby_executable_hooks:15:in `eval'
/Users/terezacihelkova/.rvm/gems/ruby-2.4.0/bin/ruby_executable_hooks:15:in `<main>'
I, [2017-10-23T14:49:20.833043 #25051]  INFO -- hammer: Executing command: "sync" on machine: "terezacihelkova"
I, [2017-10-23T14:49:20.833113 #25051]  INFO -- hammer: Global options set to: {"l"=>"INFO", "log"=>"INFO", "version"=>false, "help"=>false}.
I, [2017-10-23T14:49:20.833143 #25051]  INFO -- hammer: Command specific options set to: {"environment"=>"test", "e"=>"test", "folder"=>"/Users/terezacihelkova/git/hammer_pocs/hammer/", "f"=>"/Users/terezacihelkova/git/hammer_pocs/hammer/", "schedules"=>nil, "s"=>nil, "dry_run"=>false, "d"=>false}.
E, [2017-10-23T14:49:20.833921 #25051] ERROR -- hammer: [31m[1mInvalid Hammer configuration structure. Mandatory file "environments\test\project.hjson" is missing.[0m
E, [2017-10-23T14:49:20.833976 #25051] ERROR -- hammer: [31m[1mInvalid Hammer configuration structure. Mandatory file "global_secret_params.hjson" is missing.[0m
E, [2017-10-23T14:49:20.834333 #25051] ERROR -- hammer: [31m[1mInvalid Hammer configuration structure. None of global_orchestration.hjson and "environments\test\orchestration.hjson" found.[0m
E, [2017-10-23T14:49:20.834402 #25051] ERROR -- hammer: Hammer configuration folder structure is not valid. Fix the issues before re-trying.
E, [2017-10-23T14:49:20.834450 #25051] ERROR -- hammer: bin/hammer:126:in `block (2 levels) in <module:Wrapper>'
/Users/terezacihelkova/.rvm/gems/ruby-2.4.0/gems/gli-2.17.0/lib/gli/command_support.rb:131:in `execute'
/Users/terezacihelkova/.rvm/gems/ruby-2.4.0/gems/gli-2.17.0/lib/gli/app_support.rb:296:in `block in call_command'
/Users/terezacihelkova/.rvm/gems/ruby-2.4.0/gems/gli-2.17.0/lib/gli/app_support.rb:309:in `call_command'
/Users/terezacihelkova/.rvm/gems/ruby-2.4.0/gems/gli-2.17.0/lib/gli/app_support.rb:83:in `run'
bin/hammer:214:in `<module:Wrapper>'
bin/hammer:13:in `<top (required)>'
/Users/terezacihelkova/.rvm/gems/ruby-2.4.0/gems/bundler-1.14.5/lib/bundler/cli/exec.rb:74:in `load'
/Users/terezacihelkova/.rvm/gems/ruby-2.4.0/gems/bundler-1.14.5/lib/bundler/cli/exec.rb:74:in `kernel_load'
/Users/terezacihelkova/.rvm/gems/ruby-2.4.0/gems/bundler-1.14.5/lib/bundler/cli/exec.rb:27:in `run'
/Users/terezacihelkova/.rvm/gems/ruby-2.4.0/gems/bundler-1.14.5/lib/bundler/cli.rb:335:in `exec'
/Users/terezacihelkova/.rvm/gems/ruby-2.4.0/gems/bundler-1.14.5/lib/bundler/vendor/thor/lib/thor/command.rb:27:in `run'
/Users/terezacihelkova/.rvm/gems/ruby-2.4.0/gems/bundler-1.14.5/lib/bundler/vendor/thor/lib/thor/invocation.rb:126:in `invoke_command'
/Users/terezacihelkova/.rvm/gems/ruby-2.4.0/gems/bundler-1.14.5/lib/bundler/vendor/thor/lib/thor.rb:359:in `dispatch'
/Users/terezacihelkova/.rvm/gems/ruby-2.4.0/gems/bundler-1.14.5/lib/bundler/cli.rb:20:in `dispatch'
/Users/terezacihelkova/.rvm/gems/ruby-2.4.0/gems/bundler-1.14.5/lib/bundler/vendor/thor/lib/thor/base.rb:440:in `start'
/Users/terezacihelkova/.rvm/gems/ruby-2.4.0/gems/bundler-1.14.5/lib/bundler/cli.rb:11:in `start'
/Users/terezacihelkova/.rvm/gems/ruby-2.4.0/gems/bundler-1.14.5/exe/bundle:32:in `block in <top (required)>'
/Users/terezacihelkova/.rvm/gems/ruby-2.4.0/gems/bundler-1.14.5/lib/bundler/friendly_errors.rb:121:in `with_friendly_errors'
/Users/terezacihelkova/.rvm/gems/ruby-2.4.0/gems/bundler-1.14.5/exe/bundle:24:in `<top (required)>'
/Users/terezacihelkova/.rvm/gems/ruby-2.4.0/bin/bundle:22:in `load'
/Users/terezacihelkova/.rvm/gems/ruby-2.4.0/bin/bundle:22:in `<main>'
/Users/terezacihelkova/.rvm/gems/ruby-2.4.0/bin/ruby_executable_hooks:15:in `eval'
/Users/terezacihelkova/.rvm/gems/ruby-2.4.0/bin/ruby_executable_hooks:15:in `<main>'
I, [2017-10-23T14:51:14.499434 #25109]  INFO -- hammer: Executing command: "sync" on machine: "terezacihelkova"
I, [2017-10-23T14:51:14.499581 #25109]  INFO -- hammer: Global options set to: {"l"=>"INFO", "log"=>"INFO", "version"=>false, "help"=>false}.
I, [2017-10-23T14:51:14.499641 #25109]  INFO -- hammer: Command specific options set to: {"environment"=>"test", "e"=>"test", "folder"=>"/Users/terezacihelkova/git/hammer_pocs/hammer/", "f"=>"/Users/terezacihelkova/git/hammer_pocs/hammer/", "schedules"=>nil, "s"=>nil, "dry_run"=>false, "d"=>false}.
E, [2017-10-23T14:51:14.500212 #25109] ERROR -- hammer: [31m[1mInvalid Hammer configuration structure. Mandatory file "environments\test\project.hjson" is missing.[0m
E, [2017-10-23T14:51:14.500302 #25109] ERROR -- hammer: [31m[1mInvalid Hammer configuration structure. Mandatory file "global_params.hjson" is missing.[0m
E, [2017-10-23T14:51:14.500396 #25109] ERROR -- hammer: [31m[1mInvalid Hammer configuration structure. Mandatory file "global_secret_params.hjson" is missing.[0m
E, [2017-10-23T14:51:14.500449 #25109] ERROR -- hammer: [31m[1mInvalid Hammer configuration structure. None of global_orchestration.hjson and "environments\test\orchestration.hjson" found.[0m
E, [2017-10-23T14:51:14.500503 #25109] ERROR -- hammer: Hammer configuration folder structure is not valid. Fix the issues before re-trying.
E, [2017-10-23T14:51:14.500572 #25109] ERROR -- hammer: bin/hammer:126:in `block (2 levels) in <module:Wrapper>'
/Users/terezacihelkova/.rvm/gems/ruby-2.4.0/gems/gli-2.17.0/lib/gli/command_support.rb:131:in `execute'
/Users/terezacihelkova/.rvm/gems/ruby-2.4.0/gems/gli-2.17.0/lib/gli/app_support.rb:296:in `block in call_command'
/Users/terezacihelkova/.rvm/gems/ruby-2.4.0/gems/gli-2.17.0/lib/gli/app_support.rb:309:in `call_command'
/Users/terezacihelkova/.rvm/gems/ruby-2.4.0/gems/gli-2.17.0/lib/gli/app_support.rb:83:in `run'
bin/hammer:213:in `<module:Wrapper>'
bin/hammer:13:in `<top (required)>'
/Users/terezacihelkova/.rvm/gems/ruby-2.4.0/gems/bundler-1.14.5/lib/bundler/cli/exec.rb:74:in `load'
/Users/terezacihelkova/.rvm/gems/ruby-2.4.0/gems/bundler-1.14.5/lib/bundler/cli/exec.rb:74:in `kernel_load'
/Users/terezacihelkova/.rvm/gems/ruby-2.4.0/gems/bundler-1.14.5/lib/bundler/cli/exec.rb:27:in `run'
/Users/terezacihelkova/.rvm/gems/ruby-2.4.0/gems/bundler-1.14.5/lib/bundler/cli.rb:335:in `exec'
/Users/terezacihelkova/.rvm/gems/ruby-2.4.0/gems/bundler-1.14.5/lib/bundler/vendor/thor/lib/thor/command.rb:27:in `run'
/Users/terezacihelkova/.rvm/gems/ruby-2.4.0/gems/bundler-1.14.5/lib/bundler/vendor/thor/lib/thor/invocation.rb:126:in `invoke_command'
/Users/terezacihelkova/.rvm/gems/ruby-2.4.0/gems/bundler-1.14.5/lib/bundler/vendor/thor/lib/thor.rb:359:in `dispatch'
/Users/terezacihelkova/.rvm/gems/ruby-2.4.0/gems/bundler-1.14.5/lib/bundler/cli.rb:20:in `dispatch'
/Users/terezacihelkova/.rvm/gems/ruby-2.4.0/gems/bundler-1.14.5/lib/bundler/vendor/thor/lib/thor/base.rb:440:in `start'
/Users/terezacihelkova/.rvm/gems/ruby-2.4.0/gems/bundler-1.14.5/lib/bundler/cli.rb:11:in `start'
/Users/terezacihelkova/.rvm/gems/ruby-2.4.0/gems/bundler-1.14.5/exe/bundle:32:in `block in <top (required)>'
/Users/terezacihelkova/.rvm/gems/ruby-2.4.0/gems/bundler-1.14.5/lib/bundler/friendly_errors.rb:121:in `with_friendly_errors'
/Users/terezacihelkova/.rvm/gems/ruby-2.4.0/gems/bundler-1.14.5/exe/bundle:24:in `<top (required)>'
/Users/terezacihelkova/.rvm/gems/ruby-2.4.0/bin/bundle:22:in `load'
/Users/terezacihelkova/.rvm/gems/ruby-2.4.0/bin/bundle:22:in `<main>'
/Users/terezacihelkova/.rvm/gems/ruby-2.4.0/bin/ruby_executable_hooks:15:in `eval'
/Users/terezacihelkova/.rvm/gems/ruby-2.4.0/bin/ruby_executable_hooks:15:in `<main>'
I, [2017-10-23T14:55:23.389046 #25178]  INFO -- hammer: Executing command: "sync" on machine: "terezacihelkova"
I, [2017-10-23T14:55:23.389115 #25178]  INFO -- hammer: Global options set to: {"l"=>"INFO", "log"=>"INFO", "version"=>false, "help"=>false}.
I, [2017-10-23T14:55:23.389144 #25178]  INFO -- hammer: Command specific options set to: {"environment"=>"test", "e"=>"test", "folder"=>"/Users/terezacihelkova/git/hammer_pocs/hammer/", "f"=>"/Users/terezacihelkova/git/hammer_pocs/hammer/", "schedules"=>nil, "s"=>nil, "dry_run"=>false, "d"=>false}.
E, [2017-10-23T14:55:23.389555 #25178] ERROR -- hammer: [31m[1mInvalid Hammer configuration structure. Mandatory file "environments\test\project.hjson" is missing.[0m
E, [2017-10-23T14:55:23.389606 #25178] ERROR -- hammer: [31m[1mInvalid Hammer configuration structure. None of global_orchestration.hjson and "environments\test\orchestration.hjson" found.[0m
E, [2017-10-23T14:55:23.389648 #25178] ERROR -- hammer: Hammer configuration folder structure is not valid. Fix the issues before re-trying.
E, [2017-10-23T14:55:23.389706 #25178] ERROR -- hammer: bin/hammer:126:in `block (2 levels) in <module:Wrapper>'
/Users/terezacihelkova/.rvm/gems/ruby-2.4.0/gems/gli-2.17.0/lib/gli/command_support.rb:131:in `execute'
/Users/terezacihelkova/.rvm/gems/ruby-2.4.0/gems/gli-2.17.0/lib/gli/app_support.rb:296:in `block in call_command'
/Users/terezacihelkova/.rvm/gems/ruby-2.4.0/gems/gli-2.17.0/lib/gli/app_support.rb:309:in `call_command'
/Users/terezacihelkova/.rvm/gems/ruby-2.4.0/gems/gli-2.17.0/lib/gli/app_support.rb:83:in `run'
bin/hammer:213:in `<module:Wrapper>'
bin/hammer:13:in `<top (required)>'
/Users/terezacihelkova/.rvm/gems/ruby-2.4.0/gems/bundler-1.14.5/lib/bundler/cli/exec.rb:74:in `load'
/Users/terezacihelkova/.rvm/gems/ruby-2.4.0/gems/bundler-1.14.5/lib/bundler/cli/exec.rb:74:in `kernel_load'
/Users/terezacihelkova/.rvm/gems/ruby-2.4.0/gems/bundler-1.14.5/lib/bundler/cli/exec.rb:27:in `run'
/Users/terezacihelkova/.rvm/gems/ruby-2.4.0/gems/bundler-1.14.5/lib/bundler/cli.rb:335:in `exec'
/Users/terezacihelkova/.rvm/gems/ruby-2.4.0/gems/bundler-1.14.5/lib/bundler/vendor/thor/lib/thor/command.rb:27:in `run'
/Users/terezacihelkova/.rvm/gems/ruby-2.4.0/gems/bundler-1.14.5/lib/bundler/vendor/thor/lib/thor/invocation.rb:126:in `invoke_command'
/Users/terezacihelkova/.rvm/gems/ruby-2.4.0/gems/bundler-1.14.5/lib/bundler/vendor/thor/lib/thor.rb:359:in `dispatch'
/Users/terezacihelkova/.rvm/gems/ruby-2.4.0/gems/bundler-1.14.5/lib/bundler/cli.rb:20:in `dispatch'
/Users/terezacihelkova/.rvm/gems/ruby-2.4.0/gems/bundler-1.14.5/lib/bundler/vendor/thor/lib/thor/base.rb:440:in `start'
/Users/terezacihelkova/.rvm/gems/ruby-2.4.0/gems/bundler-1.14.5/lib/bundler/cli.rb:11:in `start'
/Users/terezacihelkova/.rvm/gems/ruby-2.4.0/gems/bundler-1.14.5/exe/bundle:32:in `block in <top (required)>'
/Users/terezacihelkova/.rvm/gems/ruby-2.4.0/gems/bundler-1.14.5/lib/bundler/friendly_errors.rb:121:in `with_friendly_errors'
/Users/terezacihelkova/.rvm/gems/ruby-2.4.0/gems/bundler-1.14.5/exe/bundle:24:in `<top (required)>'
/Users/terezacihelkova/.rvm/gems/ruby-2.4.0/bin/bundle:22:in `load'
/Users/terezacihelkova/.rvm/gems/ruby-2.4.0/bin/bundle:22:in `<main>'
/Users/terezacihelkova/.rvm/gems/ruby-2.4.0/bin/ruby_executable_hooks:15:in `eval'
/Users/terezacihelkova/.rvm/gems/ruby-2.4.0/bin/ruby_executable_hooks:15:in `<main>'
I, [2017-10-23T14:56:42.667452 #25210]  INFO -- hammer: Executing command: "sync" on machine: "terezacihelkova"
I, [2017-10-23T14:56:42.667735 #25210]  INFO -- hammer: Global options set to: {"l"=>"INFO", "log"=>"INFO", "version"=>false, "help"=>false}.
I, [2017-10-23T14:56:42.667796 #25210]  INFO -- hammer: Command specific options set to: {"environment"=>"test", "e"=>"test", "folder"=>"/Users/terezacihelkova/git/hammer_pocs/hammer/", "f"=>"/Users/terezacihelkova/git/hammer_pocs/hammer/", "schedules"=>nil, "s"=>nil, "dry_run"=>false, "d"=>false}.
E, [2017-10-23T14:56:42.669077 #25210] ERROR -- hammer: [31m[1mInvalid Hammer configuration structure. Mandatory file "environments\test\project.hjson" is missing.[0m
E, [2017-10-23T14:56:42.669129 #25210] ERROR -- hammer: Hammer configuration folder structure is not valid. Fix the issues before re-trying.
E, [2017-10-23T14:56:42.669176 #25210] ERROR -- hammer: bin/hammer:126:in `block (2 levels) in <module:Wrapper>'
/Users/terezacihelkova/.rvm/gems/ruby-2.4.0/gems/gli-2.17.0/lib/gli/command_support.rb:131:in `execute'
/Users/terezacihelkova/.rvm/gems/ruby-2.4.0/gems/gli-2.17.0/lib/gli/app_support.rb:296:in `block in call_command'
/Users/terezacihelkova/.rvm/gems/ruby-2.4.0/gems/gli-2.17.0/lib/gli/app_support.rb:309:in `call_command'
/Users/terezacihelkova/.rvm/gems/ruby-2.4.0/gems/gli-2.17.0/lib/gli/app_support.rb:83:in `run'
bin/hammer:213:in `<module:Wrapper>'
bin/hammer:13:in `<top (required)>'
/Users/terezacihelkova/.rvm/gems/ruby-2.4.0/gems/bundler-1.14.5/lib/bundler/cli/exec.rb:74:in `load'
/Users/terezacihelkova/.rvm/gems/ruby-2.4.0/gems/bundler-1.14.5/lib/bundler/cli/exec.rb:74:in `kernel_load'
/Users/terezacihelkova/.rvm/gems/ruby-2.4.0/gems/bundler-1.14.5/lib/bundler/cli/exec.rb:27:in `run'
/Users/terezacihelkova/.rvm/gems/ruby-2.4.0/gems/bundler-1.14.5/lib/bundler/cli.rb:335:in `exec'
/Users/terezacihelkova/.rvm/gems/ruby-2.4.0/gems/bundler-1.14.5/lib/bundler/vendor/thor/lib/thor/command.rb:27:in `run'
/Users/terezacihelkova/.rvm/gems/ruby-2.4.0/gems/bundler-1.14.5/lib/bundler/vendor/thor/lib/thor/invocation.rb:126:in `invoke_command'
/Users/terezacihelkova/.rvm/gems/ruby-2.4.0/gems/bundler-1.14.5/lib/bundler/vendor/thor/lib/thor.rb:359:in `dispatch'
/Users/terezacihelkova/.rvm/gems/ruby-2.4.0/gems/bundler-1.14.5/lib/bundler/cli.rb:20:in `dispatch'
/Users/terezacihelkova/.rvm/gems/ruby-2.4.0/gems/bundler-1.14.5/lib/bundler/vendor/thor/lib/thor/base.rb:440:in `start'
/Users/terezacihelkova/.rvm/gems/ruby-2.4.0/gems/bundler-1.14.5/lib/bundler/cli.rb:11:in `start'
/Users/terezacihelkova/.rvm/gems/ruby-2.4.0/gems/bundler-1.14.5/exe/bundle:32:in `block in <top (required)>'
/Users/terezacihelkova/.rvm/gems/ruby-2.4.0/gems/bundler-1.14.5/lib/bundler/friendly_errors.rb:121:in `with_friendly_errors'
/Users/terezacihelkova/.rvm/gems/ruby-2.4.0/gems/bundler-1.14.5/exe/bundle:24:in `<top (required)>'
/Users/terezacihelkova/.rvm/gems/ruby-2.4.0/bin/bundle:22:in `load'
/Users/terezacihelkova/.rvm/gems/ruby-2.4.0/bin/bundle:22:in `<main>'
/Users/terezacihelkova/.rvm/gems/ruby-2.4.0/bin/ruby_executable_hooks:15:in `eval'
/Users/terezacihelkova/.rvm/gems/ruby-2.4.0/bin/ruby_executable_hooks:15:in `<main>'
I, [2017-10-23T14:59:23.894494 #25296]  INFO -- hammer: Executing command: "sync" on machine: "terezacihelkova"
I, [2017-10-23T14:59:23.894562 #25296]  INFO -- hammer: Global options set to: {"l"=>"INFO", "log"=>"INFO", "version"=>false, "help"=>false}.
I, [2017-10-23T14:59:23.894596 #25296]  INFO -- hammer: Command specific options set to: {"environment"=>"test", "e"=>"test", "folder"=>"/Users/terezacihelkova/git/hammer_pocs/hammer/", "f"=>"/Users/terezacihelkova/git/hammer_pocs/hammer/", "pipeline"=>nil, "p"=>nil, "schedules"=>nil, "s"=>nil, "dry_run"=>false, "d"=>false}.
E, [2017-10-23T14:59:23.894773 #25296] ERROR -- hammer: no implicit conversion of nil into String
E, [2017-10-23T14:59:23.894831 #25296] ERROR -- hammer: /Users/terezacihelkova/.rvm/rubies/ruby-2.4.0/lib/ruby/2.4.0/pathname.rb:349:in `initialize'
/Users/terezacihelkova/.rvm/rubies/ruby-2.4.0/lib/ruby/2.4.0/pathname.rb:349:in `new'
/Users/terezacihelkova/.rvm/rubies/ruby-2.4.0/lib/ruby/2.4.0/pathname.rb:349:in `+'
/Users/terezacihelkova/git/hammer/lib/hammer/app/app.rb:23:in `get_orchestration_file_path'
/Users/terezacihelkova/git/hammer/lib/hammer/app/app.rb:61:in `get_app_paths'
/Users/terezacihelkova/git/hammer/lib/hammer/app/app.rb:96:in `validate_app_structure'
bin/hammer:128:in `block (2 levels) in <module:Wrapper>'
/Users/terezacihelkova/.rvm/gems/ruby-2.4.0/gems/gli-2.17.0/lib/gli/command_support.rb:131:in `execute'
/Users/terezacihelkova/.rvm/gems/ruby-2.4.0/gems/gli-2.17.0/lib/gli/app_support.rb:296:in `block in call_command'
/Users/terezacihelkova/.rvm/gems/ruby-2.4.0/gems/gli-2.17.0/lib/gli/app_support.rb:309:in `call_command'
/Users/terezacihelkova/.rvm/gems/ruby-2.4.0/gems/gli-2.17.0/lib/gli/app_support.rb:83:in `run'
bin/hammer:218:in `<module:Wrapper>'
bin/hammer:13:in `<top (required)>'
/Users/terezacihelkova/.rvm/gems/ruby-2.4.0/gems/bundler-1.14.5/lib/bundler/cli/exec.rb:74:in `load'
/Users/terezacihelkova/.rvm/gems/ruby-2.4.0/gems/bundler-1.14.5/lib/bundler/cli/exec.rb:74:in `kernel_load'
/Users/terezacihelkova/.rvm/gems/ruby-2.4.0/gems/bundler-1.14.5/lib/bundler/cli/exec.rb:27:in `run'
/Users/terezacihelkova/.rvm/gems/ruby-2.4.0/gems/bundler-1.14.5/lib/bundler/cli.rb:335:in `exec'
/Users/terezacihelkova/.rvm/gems/ruby-2.4.0/gems/bundler-1.14.5/lib/bundler/vendor/thor/lib/thor/command.rb:27:in `run'
/Users/terezacihelkova/.rvm/gems/ruby-2.4.0/gems/bundler-1.14.5/lib/bundler/vendor/thor/lib/thor/invocation.rb:126:in `invoke_command'
/Users/terezacihelkova/.rvm/gems/ruby-2.4.0/gems/bundler-1.14.5/lib/bundler/vendor/thor/lib/thor.rb:359:in `dispatch'
/Users/terezacihelkova/.rvm/gems/ruby-2.4.0/gems/bundler-1.14.5/lib/bundler/cli.rb:20:in `dispatch'
/Users/terezacihelkova/.rvm/gems/ruby-2.4.0/gems/bundler-1.14.5/lib/bundler/vendor/thor/lib/thor/base.rb:440:in `start'
/Users/terezacihelkova/.rvm/gems/ruby-2.4.0/gems/bundler-1.14.5/lib/bundler/cli.rb:11:in `start'
/Users/terezacihelkova/.rvm/gems/ruby-2.4.0/gems/bundler-1.14.5/exe/bundle:32:in `block in <top (required)>'
/Users/terezacihelkova/.rvm/gems/ruby-2.4.0/gems/bundler-1.14.5/lib/bundler/friendly_errors.rb:121:in `with_friendly_errors'
/Users/terezacihelkova/.rvm/gems/ruby-2.4.0/gems/bundler-1.14.5/exe/bundle:24:in `<top (required)>'
/Users/terezacihelkova/.rvm/gems/ruby-2.4.0/bin/bundle:22:in `load'
/Users/terezacihelkova/.rvm/gems/ruby-2.4.0/bin/bundle:22:in `<main>'
/Users/terezacihelkova/.rvm/gems/ruby-2.4.0/bin/ruby_executable_hooks:15:in `eval'
/Users/terezacihelkova/.rvm/gems/ruby-2.4.0/bin/ruby_executable_hooks:15:in `<main>'
I, [2017-10-23T14:59:53.104069 #25307]  INFO -- hammer: Executing command: "sync" on machine: "terezacihelkova"
I, [2017-10-23T14:59:53.104153 #25307]  INFO -- hammer: Global options set to: {"l"=>"INFO", "log"=>"INFO", "version"=>false, "help"=>false}.
I, [2017-10-23T14:59:53.104187 #25307]  INFO -- hammer: Command specific options set to: {"environment"=>"test", "e"=>"test", "pipeline"=>"service_project", "p"=>"service_project", "folder"=>"/Users/terezacihelkova/git/hammer_pocs/hammer/", "f"=>"/Users/terezacihelkova/git/hammer_pocs/hammer/", "schedules"=>nil, "s"=>nil, "dry_run"=>false, "d"=>false}.
E, [2017-10-23T14:59:53.104376 #25307] ERROR -- hammer: no implicit conversion of nil into String
E, [2017-10-23T14:59:53.104529 #25307] ERROR -- hammer: /Users/terezacihelkova/.rvm/rubies/ruby-2.4.0/lib/ruby/2.4.0/pathname.rb:349:in `initialize'
/Users/terezacihelkova/.rvm/rubies/ruby-2.4.0/lib/ruby/2.4.0/pathname.rb:349:in `new'
/Users/terezacihelkova/.rvm/rubies/ruby-2.4.0/lib/ruby/2.4.0/pathname.rb:349:in `+'
/Users/terezacihelkova/git/hammer/lib/hammer/app/app.rb:23:in `get_orchestration_file_path'
/Users/terezacihelkova/git/hammer/lib/hammer/app/app.rb:61:in `get_app_paths'
/Users/terezacihelkova/git/hammer/lib/hammer/app/app.rb:96:in `validate_app_structure'
bin/hammer:128:in `block (2 levels) in <module:Wrapper>'
/Users/terezacihelkova/.rvm/gems/ruby-2.4.0/gems/gli-2.17.0/lib/gli/command_support.rb:131:in `execute'
/Users/terezacihelkova/.rvm/gems/ruby-2.4.0/gems/gli-2.17.0/lib/gli/app_support.rb:296:in `block in call_command'
/Users/terezacihelkova/.rvm/gems/ruby-2.4.0/gems/gli-2.17.0/lib/gli/app_support.rb:309:in `call_command'
/Users/terezacihelkova/.rvm/gems/ruby-2.4.0/gems/gli-2.17.0/lib/gli/app_support.rb:83:in `run'
bin/hammer:218:in `<module:Wrapper>'
bin/hammer:13:in `<top (required)>'
/Users/terezacihelkova/.rvm/gems/ruby-2.4.0/gems/bundler-1.14.5/lib/bundler/cli/exec.rb:74:in `load'
/Users/terezacihelkova/.rvm/gems/ruby-2.4.0/gems/bundler-1.14.5/lib/bundler/cli/exec.rb:74:in `kernel_load'
/Users/terezacihelkova/.rvm/gems/ruby-2.4.0/gems/bundler-1.14.5/lib/bundler/cli/exec.rb:27:in `run'
/Users/terezacihelkova/.rvm/gems/ruby-2.4.0/gems/bundler-1.14.5/lib/bundler/cli.rb:335:in `exec'
/Users/terezacihelkova/.rvm/gems/ruby-2.4.0/gems/bundler-1.14.5/lib/bundler/vendor/thor/lib/thor/command.rb:27:in `run'
/Users/terezacihelkova/.rvm/gems/ruby-2.4.0/gems/bundler-1.14.5/lib/bundler/vendor/thor/lib/thor/invocation.rb:126:in `invoke_command'
/Users/terezacihelkova/.rvm/gems/ruby-2.4.0/gems/bundler-1.14.5/lib/bundler/vendor/thor/lib/thor.rb:359:in `dispatch'
/Users/terezacihelkova/.rvm/gems/ruby-2.4.0/gems/bundler-1.14.5/lib/bundler/cli.rb:20:in `dispatch'
/Users/terezacihelkova/.rvm/gems/ruby-2.4.0/gems/bundler-1.14.5/lib/bundler/vendor/thor/lib/thor/base.rb:440:in `start'
/Users/terezacihelkova/.rvm/gems/ruby-2.4.0/gems/bundler-1.14.5/lib/bundler/cli.rb:11:in `start'
/Users/terezacihelkova/.rvm/gems/ruby-2.4.0/gems/bundler-1.14.5/exe/bundle:32:in `block in <top (required)>'
/Users/terezacihelkova/.rvm/gems/ruby-2.4.0/gems/bundler-1.14.5/lib/bundler/friendly_errors.rb:121:in `with_friendly_errors'
/Users/terezacihelkova/.rvm/gems/ruby-2.4.0/gems/bundler-1.14.5/exe/bundle:24:in `<top (required)>'
/Users/terezacihelkova/.rvm/gems/ruby-2.4.0/bin/bundle:22:in `load'
/Users/terezacihelkova/.rvm/gems/ruby-2.4.0/bin/bundle:22:in `<main>'
/Users/terezacihelkova/.rvm/gems/ruby-2.4.0/bin/ruby_executable_hooks:15:in `eval'
/Users/terezacihelkova/.rvm/gems/ruby-2.4.0/bin/ruby_executable_hooks:15:in `<main>'
I, [2017-10-23T15:00:38.600927 #25331]  INFO -- hammer: Executing command: "sync" on machine: "terezacihelkova"
I, [2017-10-23T15:00:38.600994 #25331]  INFO -- hammer: Global options set to: {"l"=>"INFO", "log"=>"INFO", "version"=>false, "help"=>false}.
I, [2017-10-23T15:00:38.601027 #25331]  INFO -- hammer: Command specific options set to: {"environment"=>"test", "e"=>"test", "pipeline"=>"service_project", "p"=>"service_project", "folder"=>"/Users/terezacihelkova/git/hammer_pocs/hammer/", "f"=>"/Users/terezacihelkova/git/hammer_pocs/hammer/", "schedules"=>nil, "s"=>nil, "dry_run"=>false, "d"=>false}.
E, [2017-10-23T15:00:38.601429 #25331] ERROR -- hammer: wrong number of arguments (given 3, expected 2)
E, [2017-10-23T15:00:38.601473 #25331] ERROR -- hammer: /Users/terezacihelkova/git/hammer/lib/hammer/app/app.rb:36:in `get_project_file_path'
/Users/terezacihelkova/git/hammer/lib/hammer/app/app.rb:67:in `get_app_paths'
/Users/terezacihelkova/git/hammer/lib/hammer/app/app.rb:96:in `validate_app_structure'
bin/hammer:128:in `block (2 levels) in <module:Wrapper>'
/Users/terezacihelkova/.rvm/gems/ruby-2.4.0/gems/gli-2.17.0/lib/gli/command_support.rb:131:in `execute'
/Users/terezacihelkova/.rvm/gems/ruby-2.4.0/gems/gli-2.17.0/lib/gli/app_support.rb:296:in `block in call_command'
/Users/terezacihelkova/.rvm/gems/ruby-2.4.0/gems/gli-2.17.0/lib/gli/app_support.rb:309:in `call_command'
/Users/terezacihelkova/.rvm/gems/ruby-2.4.0/gems/gli-2.17.0/lib/gli/app_support.rb:83:in `run'
bin/hammer:218:in `<module:Wrapper>'
bin/hammer:13:in `<top (required)>'
/Users/terezacihelkova/.rvm/gems/ruby-2.4.0/gems/bundler-1.14.5/lib/bundler/cli/exec.rb:74:in `load'
/Users/terezacihelkova/.rvm/gems/ruby-2.4.0/gems/bundler-1.14.5/lib/bundler/cli/exec.rb:74:in `kernel_load'
/Users/terezacihelkova/.rvm/gems/ruby-2.4.0/gems/bundler-1.14.5/lib/bundler/cli/exec.rb:27:in `run'
/Users/terezacihelkova/.rvm/gems/ruby-2.4.0/gems/bundler-1.14.5/lib/bundler/cli.rb:335:in `exec'
/Users/terezacihelkova/.rvm/gems/ruby-2.4.0/gems/bundler-1.14.5/lib/bundler/vendor/thor/lib/thor/command.rb:27:in `run'
/Users/terezacihelkova/.rvm/gems/ruby-2.4.0/gems/bundler-1.14.5/lib/bundler/vendor/thor/lib/thor/invocation.rb:126:in `invoke_command'
/Users/terezacihelkova/.rvm/gems/ruby-2.4.0/gems/bundler-1.14.5/lib/bundler/vendor/thor/lib/thor.rb:359:in `dispatch'
/Users/terezacihelkova/.rvm/gems/ruby-2.4.0/gems/bundler-1.14.5/lib/bundler/cli.rb:20:in `dispatch'
/Users/terezacihelkova/.rvm/gems/ruby-2.4.0/gems/bundler-1.14.5/lib/bundler/vendor/thor/lib/thor/base.rb:440:in `start'
/Users/terezacihelkova/.rvm/gems/ruby-2.4.0/gems/bundler-1.14.5/lib/bundler/cli.rb:11:in `start'
/Users/terezacihelkova/.rvm/gems/ruby-2.4.0/gems/bundler-1.14.5/exe/bundle:32:in `block in <top (required)>'
/Users/terezacihelkova/.rvm/gems/ruby-2.4.0/gems/bundler-1.14.5/lib/bundler/friendly_errors.rb:121:in `with_friendly_errors'
/Users/terezacihelkova/.rvm/gems/ruby-2.4.0/gems/bundler-1.14.5/exe/bundle:24:in `<top (required)>'
/Users/terezacihelkova/.rvm/gems/ruby-2.4.0/bin/bundle:22:in `load'
/Users/terezacihelkova/.rvm/gems/ruby-2.4.0/bin/bundle:22:in `<main>'
/Users/terezacihelkova/.rvm/gems/ruby-2.4.0/bin/ruby_executable_hooks:15:in `eval'
/Users/terezacihelkova/.rvm/gems/ruby-2.4.0/bin/ruby_executable_hooks:15:in `<main>'
I, [2017-10-23T15:01:42.538981 #25383]  INFO -- hammer: Executing command: "sync" on machine: "terezacihelkova"
I, [2017-10-23T15:01:42.539053 #25383]  INFO -- hammer: Global options set to: {"l"=>"INFO", "log"=>"INFO", "version"=>false, "help"=>false}.
I, [2017-10-23T15:01:42.539088 #25383]  INFO -- hammer: Command specific options set to: {"environment"=>"test", "e"=>"test", "pipeline"=>"service_project", "p"=>"service_project", "folder"=>"/Users/terezacihelkova/git/hammer_pocs/hammer/", "f"=>"/Users/terezacihelkova/git/hammer_pocs/hammer/", "schedules"=>nil, "s"=>nil, "dry_run"=>false, "d"=>false}.
E, [2017-10-23T15:01:42.540302 #25383] ERROR -- hammer: no implicit conversion of nil into String
E, [2017-10-23T15:01:42.540434 #25383] ERROR -- hammer: /Users/terezacihelkova/.rvm/rubies/ruby-2.4.0/lib/ruby/2.4.0/pathname.rb:349:in `initialize'
/Users/terezacihelkova/.rvm/rubies/ruby-2.4.0/lib/ruby/2.4.0/pathname.rb:349:in `new'
/Users/terezacihelkova/.rvm/rubies/ruby-2.4.0/lib/ruby/2.4.0/pathname.rb:349:in `+'
/Users/terezacihelkova/git/hammer/lib/hammer/app/app.rb:23:in `get_orchestration_file_path'
/Users/terezacihelkova/git/hammer/lib/hammer/app/app.rb:61:in `get_app_paths'
/Users/terezacihelkova/git/hammer/lib/hammer/app/app.rb:159:in `get_environment_config'
bin/hammer:135:in `block (2 levels) in <module:Wrapper>'
/Users/terezacihelkova/.rvm/gems/ruby-2.4.0/gems/gli-2.17.0/lib/gli/command_support.rb:131:in `execute'
/Users/terezacihelkova/.rvm/gems/ruby-2.4.0/gems/gli-2.17.0/lib/gli/app_support.rb:296:in `block in call_command'
/Users/terezacihelkova/.rvm/gems/ruby-2.4.0/gems/gli-2.17.0/lib/gli/app_support.rb:309:in `call_command'
/Users/terezacihelkova/.rvm/gems/ruby-2.4.0/gems/gli-2.17.0/lib/gli/app_support.rb:83:in `run'
bin/hammer:219:in `<module:Wrapper>'
bin/hammer:13:in `<top (required)>'
/Users/terezacihelkova/.rvm/gems/ruby-2.4.0/gems/bundler-1.14.5/lib/bundler/cli/exec.rb:74:in `load'
/Users/terezacihelkova/.rvm/gems/ruby-2.4.0/gems/bundler-1.14.5/lib/bundler/cli/exec.rb:74:in `kernel_load'
/Users/terezacihelkova/.rvm/gems/ruby-2.4.0/gems/bundler-1.14.5/lib/bundler/cli/exec.rb:27:in `run'
/Users/terezacihelkova/.rvm/gems/ruby-2.4.0/gems/bundler-1.14.5/lib/bundler/cli.rb:335:in `exec'
/Users/terezacihelkova/.rvm/gems/ruby-2.4.0/gems/bundler-1.14.5/lib/bundler/vendor/thor/lib/thor/command.rb:27:in `run'
/Users/terezacihelkova/.rvm/gems/ruby-2.4.0/gems/bundler-1.14.5/lib/bundler/vendor/thor/lib/thor/invocation.rb:126:in `invoke_command'
/Users/terezacihelkova/.rvm/gems/ruby-2.4.0/gems/bundler-1.14.5/lib/bundler/vendor/thor/lib/thor.rb:359:in `dispatch'
/Users/terezacihelkova/.rvm/gems/ruby-2.4.0/gems/bundler-1.14.5/lib/bundler/cli.rb:20:in `dispatch'
/Users/terezacihelkova/.rvm/gems/ruby-2.4.0/gems/bundler-1.14.5/lib/bundler/vendor/thor/lib/thor/base.rb:440:in `start'
/Users/terezacihelkova/.rvm/gems/ruby-2.4.0/gems/bundler-1.14.5/lib/bundler/cli.rb:11:in `start'
/Users/terezacihelkova/.rvm/gems/ruby-2.4.0/gems/bundler-1.14.5/exe/bundle:32:in `block in <top (required)>'
/Users/terezacihelkova/.rvm/gems/ruby-2.4.0/gems/bundler-1.14.5/lib/bundler/friendly_errors.rb:121:in `with_friendly_errors'
/Users/terezacihelkova/.rvm/gems/ruby-2.4.0/gems/bundler-1.14.5/exe/bundle:24:in `<top (required)>'
/Users/terezacihelkova/.rvm/gems/ruby-2.4.0/bin/bundle:22:in `load'
/Users/terezacihelkova/.rvm/gems/ruby-2.4.0/bin/bundle:22:in `<main>'
/Users/terezacihelkova/.rvm/gems/ruby-2.4.0/bin/ruby_executable_hooks:15:in `eval'
/Users/terezacihelkova/.rvm/gems/ruby-2.4.0/bin/ruby_executable_hooks:15:in `<main>'
I, [2017-10-23T15:02:40.905141 #25422]  INFO -- hammer: Executing command: "sync" on machine: "terezacihelkova"
I, [2017-10-23T15:02:40.905220 #25422]  INFO -- hammer: Global options set to: {"l"=>"INFO", "log"=>"INFO", "version"=>false, "help"=>false}.
I, [2017-10-23T15:02:40.905256 #25422]  INFO -- hammer: Command specific options set to: {"environment"=>"test", "e"=>"test", "pipeline"=>"service_project", "p"=>"service_project", "folder"=>"/Users/terezacihelkova/git/hammer_pocs/hammer/", "f"=>"/Users/terezacihelkova/git/hammer_pocs/hammer/", "schedules"=>nil, "s"=>nil, "dry_run"=>false, "d"=>false}.
E, [2017-10-23T15:02:40.993252 #25422] ERROR -- hammer: undefined method `map' for nil:NilClass
E, [2017-10-23T15:02:40.993344 #25422] ERROR -- hammer: /Users/terezacihelkova/git/hammer/lib/hammer/app/app.rb:181:in `get_processes_config'
bin/hammer:136:in `block (2 levels) in <module:Wrapper>'
/Users/terezacihelkova/.rvm/gems/ruby-2.4.0/gems/gli-2.17.0/lib/gli/command_support.rb:131:in `execute'
/Users/terezacihelkova/.rvm/gems/ruby-2.4.0/gems/gli-2.17.0/lib/gli/app_support.rb:296:in `block in call_command'
/Users/terezacihelkova/.rvm/gems/ruby-2.4.0/gems/gli-2.17.0/lib/gli/app_support.rb:309:in `call_command'
/Users/terezacihelkova/.rvm/gems/ruby-2.4.0/gems/gli-2.17.0/lib/gli/app_support.rb:83:in `run'
bin/hammer:219:in `<module:Wrapper>'
bin/hammer:13:in `<top (required)>'
/Users/terezacihelkova/.rvm/gems/ruby-2.4.0/gems/bundler-1.14.5/lib/bundler/cli/exec.rb:74:in `load'
/Users/terezacihelkova/.rvm/gems/ruby-2.4.0/gems/bundler-1.14.5/lib/bundler/cli/exec.rb:74:in `kernel_load'
/Users/terezacihelkova/.rvm/gems/ruby-2.4.0/gems/bundler-1.14.5/lib/bundler/cli/exec.rb:27:in `run'
/Users/terezacihelkova/.rvm/gems/ruby-2.4.0/gems/bundler-1.14.5/lib/bundler/cli.rb:335:in `exec'
/Users/terezacihelkova/.rvm/gems/ruby-2.4.0/gems/bundler-1.14.5/lib/bundler/vendor/thor/lib/thor/command.rb:27:in `run'
/Users/terezacihelkova/.rvm/gems/ruby-2.4.0/gems/bundler-1.14.5/lib/bundler/vendor/thor/lib/thor/invocation.rb:126:in `invoke_command'
/Users/terezacihelkova/.rvm/gems/ruby-2.4.0/gems/bundler-1.14.5/lib/bundler/vendor/thor/lib/thor.rb:359:in `dispatch'
/Users/terezacihelkova/.rvm/gems/ruby-2.4.0/gems/bundler-1.14.5/lib/bundler/cli.rb:20:in `dispatch'
/Users/terezacihelkova/.rvm/gems/ruby-2.4.0/gems/bundler-1.14.5/lib/bundler/vendor/thor/lib/thor/base.rb:440:in `start'
/Users/terezacihelkova/.rvm/gems/ruby-2.4.0/gems/bundler-1.14.5/lib/bundler/cli.rb:11:in `start'
/Users/terezacihelkova/.rvm/gems/ruby-2.4.0/gems/bundler-1.14.5/exe/bundle:32:in `block in <top (required)>'
/Users/terezacihelkova/.rvm/gems/ruby-2.4.0/gems/bundler-1.14.5/lib/bundler/friendly_errors.rb:121:in `with_friendly_errors'
/Users/terezacihelkova/.rvm/gems/ruby-2.4.0/gems/bundler-1.14.5/exe/bundle:24:in `<top (required)>'
/Users/terezacihelkova/.rvm/gems/ruby-2.4.0/bin/bundle:22:in `load'
/Users/terezacihelkova/.rvm/gems/ruby-2.4.0/bin/bundle:22:in `<main>'
/Users/terezacihelkova/.rvm/gems/ruby-2.4.0/bin/ruby_executable_hooks:15:in `eval'
/Users/terezacihelkova/.rvm/gems/ruby-2.4.0/bin/ruby_executable_hooks:15:in `<main>'
I, [2017-10-23T15:03:48.810463 #25474]  INFO -- hammer: Executing command: "sync" on machine: "terezacihelkova"
I, [2017-10-23T15:03:48.810530 #25474]  INFO -- hammer: Global options set to: {"l"=>"INFO", "log"=>"INFO", "version"=>false, "help"=>false}.
I, [2017-10-23T15:03:48.810572 #25474]  INFO -- hammer: Command specific options set to: {"environment"=>"test", "e"=>"test", "pipeline"=>"service_project", "p"=>"service_project", "folder"=>"/Users/terezacihelkova/git/hammer_pocs/hammer/", "f"=>"/Users/terezacihelkova/git/hammer_pocs/hammer/", "schedules"=>nil, "s"=>nil, "dry_run"=>false, "d"=>false}.
E, [2017-10-23T15:05:07.464202 #25474] ERROR -- hammer: undefined method `[]' for nil:NilClass
E, [2017-10-23T15:05:07.464433 #25474] ERROR -- hammer: /Users/terezacihelkova/git/hammer/lib/hammer/app/app.rb:183:in `get_processes_config'
bin/hammer:136:in `block (2 levels) in <module:Wrapper>'
/Users/terezacihelkova/.rvm/gems/ruby-2.4.0/gems/gli-2.17.0/lib/gli/command_support.rb:131:in `execute'
/Users/terezacihelkova/.rvm/gems/ruby-2.4.0/gems/gli-2.17.0/lib/gli/app_support.rb:296:in `block in call_command'
/Users/terezacihelkova/.rvm/gems/ruby-2.4.0/gems/gli-2.17.0/lib/gli/app_support.rb:309:in `call_command'
/Users/terezacihelkova/.rvm/gems/ruby-2.4.0/gems/gli-2.17.0/lib/gli/app_support.rb:83:in `run'
bin/hammer:219:in `<module:Wrapper>'
bin/hammer:13:in `<top (required)>'
/Users/terezacihelkova/.rvm/gems/ruby-2.4.0/gems/bundler-1.14.5/lib/bundler/cli/exec.rb:74:in `load'
/Users/terezacihelkova/.rvm/gems/ruby-2.4.0/gems/bundler-1.14.5/lib/bundler/cli/exec.rb:74:in `kernel_load'
/Users/terezacihelkova/.rvm/gems/ruby-2.4.0/gems/bundler-1.14.5/lib/bundler/cli/exec.rb:27:in `run'
/Users/terezacihelkova/.rvm/gems/ruby-2.4.0/gems/bundler-1.14.5/lib/bundler/cli.rb:335:in `exec'
/Users/terezacihelkova/.rvm/gems/ruby-2.4.0/gems/bundler-1.14.5/lib/bundler/vendor/thor/lib/thor/command.rb:27:in `run'
/Users/terezacihelkova/.rvm/gems/ruby-2.4.0/gems/bundler-1.14.5/lib/bundler/vendor/thor/lib/thor/invocation.rb:126:in `invoke_command'
/Users/terezacihelkova/.rvm/gems/ruby-2.4.0/gems/bundler-1.14.5/lib/bundler/vendor/thor/lib/thor.rb:359:in `dispatch'
/Users/terezacihelkova/.rvm/gems/ruby-2.4.0/gems/bundler-1.14.5/lib/bundler/cli.rb:20:in `dispatch'
/Users/terezacihelkova/.rvm/gems/ruby-2.4.0/gems/bundler-1.14.5/lib/bundler/vendor/thor/lib/thor/base.rb:440:in `start'
/Users/terezacihelkova/.rvm/gems/ruby-2.4.0/gems/bundler-1.14.5/lib/bundler/cli.rb:11:in `start'
/Users/terezacihelkova/.rvm/gems/ruby-2.4.0/gems/bundler-1.14.5/exe/bundle:32:in `block in <top (required)>'
/Users/terezacihelkova/.rvm/gems/ruby-2.4.0/gems/bundler-1.14.5/lib/bundler/friendly_errors.rb:121:in `with_friendly_errors'
/Users/terezacihelkova/.rvm/gems/ruby-2.4.0/gems/bundler-1.14.5/exe/bundle:24:in `<top (required)>'
/Users/terezacihelkova/.rvm/gems/ruby-2.4.0/bin/bundle:22:in `load'
/Users/terezacihelkova/.rvm/gems/ruby-2.4.0/bin/bundle:22:in `<main>'
/Users/terezacihelkova/.rvm/gems/ruby-2.4.0/bin/ruby_executable_hooks:15:in `eval'
/Users/terezacihelkova/.rvm/gems/ruby-2.4.0/bin/ruby_executable_hooks:15:in `<main>'
